# JRE version: OpenJDK Runtime Environment (11.0.2+9) (build 11.0.2+9)
# Java VM: OpenJDK 64-Bit Server VM (11.0.2+9, mixed mode, tiered, compressed oops, g1 gc, windows-amd64)
Heap:
 garbage-first heap   total 65536K, used 35088K [0x00000000fc000000, 0x0000000100000000)
  region size 1024K, 25 young (25600K), 1 survivors (1024K)
 Metaspace       used 18538K, capacity 18920K, committed 19200K, reserved 1067008K
  class space    used 2099K, capacity 2252K, committed 2304K, reserved 1048576K
GC Heap History (6 events):
Event: 0.343 GC heap before
{Heap before GC invocations=0 (full 0):
 garbage-first heap   total 65536K, used 23552K [0x00000000fc000000, 0x0000000100000000)
  region size 1024K, 24 young (24576K), 0 survivors (0K)
 Metaspace       used 7480K, capacity 7635K, committed 7936K, reserved 1056768K
  class space    used 653K, capacity 716K, committed 768K, reserved 1048576K
}
Event: 0.346 GC heap after
{Heap after GC invocations=1 (full 0):
 garbage-first heap   total 65536K, used 2352K [0x00000000fc000000, 0x0000000100000000)
  region size 1024K, 3 young (3072K), 3 survivors (3072K)
 Metaspace       used 7480K, capacity 7635K, committed 7936K, reserved 1056768K
  class space    used 653K, capacity 716K, committed 768K, reserved 1048576K
}
Event: 0.684 GC heap before
{Heap before GC invocations=1 (full 0):
 garbage-first heap   total 65536K, used 40240K [0x00000000fc000000, 0x0000000100000000)
  region size 1024K, 38 young (38912K), 3 survivors (3072K)
 Metaspace       used 12042K, capacity 12373K, committed 12544K, reserved 1060864K
  class space    used 1312K, capacity 1427K, committed 1536K, reserved 1048576K
}
Event: 0.687 GC heap after
{Heap after GC invocations=2 (full 0):
 garbage-first heap   total 65536K, used 10286K [0x00000000fc000000, 0x0000000100000000)
  region size 1024K, 5 young (5120K), 5 survivors (5120K)
 Metaspace       used 12042K, capacity 12373K, committed 12544K, reserved 1060864K
  class space    used 1312K, capacity 1427K, committed 1536K, reserved 1048576K
}
Event: 1.499 GC heap before
{Heap before GC invocations=2 (full 0):
 garbage-first heap   total 65536K, used 42030K [0x00000000fc000000, 0x0000000100000000)
  region size 1024K, 36 young (36864K), 5 survivors (5120K)
 Metaspace       used 15711K, capacity 16034K, committed 16384K, reserved 1062912K
  class space    used 1822K, capacity 1945K, committed 2048K, reserved 1048576K
}
Event: 1.503 GC heap after
{Heap after GC invocations=3 (full 0):
 garbage-first heap   total 65536K, used 11536K [0x00000000fc000000, 0x0000000100000000)
  region size 1024K, 1 young (1024K), 1 survivors (1024K)
 Metaspace       used 15711K, capacity 16034K, committed 16384K, reserved 1062912K
  class space    used 1822K, capacity 1945K, committed 2048K, reserved 1048576K
}

