# JRE version: Java(TM) SE Runtime Environment (17.0.11+7) (build 17.0.11+7-LTS-207)
# Java VM: Java HotSpot(TM) 64-Bit Server VM (17.0.11+7-LTS-207, mixed mode, sharing, tiered, compressed oops, compressed class ptrs, g1 gc, windows-amd64)
GC Precious Log:
 CPUs: 12 total, 12 available
 Memory: 7521M
 Large Page Support: Disabled
 NUMA Support: Disabled
 Compressed Oops: Enabled (32-bit)
 Heap Region Size: 1M
 Heap Min Capacity: 64M
 Heap Initial Capacity: 64M
 Heap Max Capacity: 64M
 Pre-touch: Disabled
 Parallel Workers: 10
 Concurrent Workers: 3
 Concurrent Refinement Workers: 10
 Periodic GC: Disabled
Heap:
 garbage-first heap   total 65536K, used 6568K [0x00000000fc000000, 0x0000000100000000)
  region size 1024K, 3 young (3072K), 1 survivors (1024K)
 Metaspace       used 1238K, committed 1408K, reserved 1114112K
  class space    used 114K, committed 192K, reserved 1048576K
GC Heap History (6 events):
Event: 9.286 GC heap before
{Heap before GC invocations=0 (full 0):
 garbage-first heap   total 65536K, used 26624K [0x00000000fc000000, 0x0000000100000000)
  region size 1024K, 23 young (23552K), 0 survivors (0K)
 Metaspace       used 1238K, committed 1408K, reserved 1114112K
  class space    used 114K, committed 192K, reserved 1048576K
}
Event: 9.293 GC heap after
{Heap after GC invocations=1 (full 0):
 garbage-first heap   total 65536K, used 5755K [0x00000000fc000000, 0x0000000100000000)
  region size 1024K, 2 young (2048K), 2 survivors (2048K)
 Metaspace       used 1238K, committed 1408K, reserved 1114112K
  class space    used 114K, committed 192K, reserved 1048576K
}
Event: 11.501 GC heap before
{Heap before GC invocations=1 (full 0):
 garbage-first heap   total 65536K, used 36475K [0x00000000fc000000, 0x0000000100000000)
  region size 1024K, 32 young (32768K), 2 survivors (2048K)
 Metaspace       used 1238K, committed 1408K, reserved 1114112K
  class space    used 114K, committed 192K, reserved 1048576K
}
Event: 12.511 GC heap after
{Heap after GC invocations=2 (full 0):
 garbage-first heap   total 65536K, used 5716K [0x00000000fc000000, 0x0000000100000000)
  region size 1024K, 2 young (2048K), 2 survivors (2048K)
 Metaspace       used 1238K, committed 1408K, reserved 1114112K
  class space    used 114K, committed 192K, reserved 1048576K
}
Event: 12.584 GC heap before
{Heap before GC invocations=2 (full 0):
 garbage-first heap   total 65536K, used 6740K [0x00000000fc000000, 0x0000000100000000)
  region size 1024K, 3 young (3072K), 2 survivors (2048K)
 Metaspace       used 1238K, committed 1408K, reserved 1114112K
  class space    used 114K, committed 192K, reserved 1048576K
}
Event: 12.588 GC heap after
{Heap after GC invocations=3 (full 0):
 garbage-first heap   total 65536K, used 5544K [0x00000000fc000000, 0x0000000100000000)
  region size 1024K, 1 young (1024K), 1 survivors (1024K)
 Metaspace       used 1238K, committed 1408K, reserved 1114112K
  class space    used 114K, committed 192K, reserved 1048576K
}

